<?xml version="1.0" encoding="UTF-8"?>
<!-- Generated by org.testng.reporters.JUnitXMLReporter -->
<testsuite hostname="snigdhas-air.lan" ignored="2" name="LoginTest" tests="5" failures="0" timestamp="09 May 2021 05:08:42 GMT" time="49.764" errors="0">
  <testcase name="tc01login" time="15.568" classname="testcases.VerifyLogin"/>
  <testcase name="tc02LoginToSF" time="5.283" classname="testcases.VerifyLogin"/>
  <testcase name="tc03RememberMe" time="12.273" classname="testcases.VerifyLogin"/>
  <testcase name="tc04Forgotpass" time="5.941" classname="testcases.VerifyLogin"/>
  <testcase name="verifyUsermenuDropdown" time="10.661" classname="testcases.VerifyUserMenu"/>
  <testcase name="@BeforeSuite setup" time="0.0" classname="baseclass.BaseTest">
    <ignored/>
  </testcase> <!-- @BeforeSuite setup -->
  <testcase name="@AfterSuite tearDown" time="0.0" classname="baseclass.BaseTest">
    <ignored/>
  </testcase> <!-- @AfterSuite tearDown -->
</testsuite> <!-- LoginTest -->
