<?xml version="1.0" encoding="UTF-8"?>
<!-- Generated by org.testng.reporters.JUnitXMLReporter -->
<testsuite hostname="snigdhas-air.lan" ignored="4" name="LoginTest" tests="11" failures="0" timestamp="14 May 2021 13:10:25 GMT" time="158.302" errors="0">
  <testcase name="tc01login" time="17.934" classname="testcases.VerifyLogin"/>
  <testcase name="tc02LoginToSF" time="4.612" classname="testcases.VerifyLogin"/>
  <testcase name="tc03RememberMe" time="11.288" classname="testcases.VerifyLogin"/>
  <testcase name="tc04Forgotpass" time="3.883" classname="testcases.VerifyLogin"/>
  <testcase name="tc05verifyUsermenuDropdown" time="10.054" classname="testcases.VerifyUserMenu"/>
  <testcase name="tc07Mysettings" time="19.291" classname="testcases.VerifyUserMenu"/>
  <testcase name="tc08DeveloperConsole" time="11.692" classname="testcases.VerifyUserMenu"/>
  <testcase name="tc09Logout" time="10.732" classname="testcases.VerifyUserMenu"/>
  <testcase name="tc16CreateNewOptny" time="24.252" classname="testcases.VerifyCreateOppertunity"/>
  <testcase name="tc17OptPipeline" time="21.906" classname="testcases.VerifyCreateOppertunity"/>
  <testcase name="tc18StuckOppertunity" time="20.07" classname="testcases.VerifyCreateOppertunity"/>
  <testcase name="@BeforeSuite setup" time="0.0" classname="baseclass.BaseTest">
    <ignored/>
  </testcase> <!-- @BeforeSuite setup -->
  <testcase name="@BeforeSuite setup" time="0.0" classname="baseclass.BaseTest">
    <ignored/>
  </testcase> <!-- @BeforeSuite setup -->
  <testcase name="@AfterSuite tearDown" time="0.0" classname="baseclass.BaseTest">
    <ignored/>
  </testcase> <!-- @AfterSuite tearDown -->
  <testcase name="@AfterSuite tearDown" time="0.0" classname="baseclass.BaseTest">
    <ignored/>
  </testcase> <!-- @AfterSuite tearDown -->
</testsuite> <!-- LoginTest -->
