<?xml version="1.0" encoding="UTF-8"?>
<!-- Generated by org.testng.reporters.JUnitXMLReporter -->
<testsuite hostname="snigdhas-air.lan" ignored="3" name="Test" tests="1" failures="0" timestamp="23 May 2021 04:22:45 GMT" time="12.326" errors="0">
  <testcase name="tc23LeadsTab" time="12.089" classname="testcases.VerifyLeads"/>
  <testcase name="tc20LeadsTab" time="0.0" classname="testcases.VerifyLeads">
    <ignored/>
  </testcase> <!-- tc20LeadsTab -->
  <testcase name="tc22LeadsGo" time="0.0" classname="testcases.VerifyLeads">
    <ignored/>
  </testcase> <!-- tc22LeadsGo -->
  <testcase name="tc21LeadsSelectView" time="0.0" classname="testcases.VerifyLeads">
    <ignored/>
  </testcase> <!-- tc21LeadsSelectView -->
</testsuite> <!-- Test -->
